<?xml version="1.0" encoding="UTF-8"?>
<!-- Generated by org.testng.reporters.JUnitXMLReporter -->
<testsuite ignored="0" hostname="Bilals-MacBook-Pro-2.local" failures="0" tests="8" name="Default test" time="148.412" errors="0" timestamp="2023-03-16T13:17:39 PKT">
  <testcase classname="Tests.TestCases" name="countryselector" time="13.18"/>
  <testcase classname="Tests.TestCases" name="PreferenceGender" time="4.176"/>
  <testcase classname="Tests.TestCases" name="MyAccount" time="4.126"/>
  <testcase classname="Tests.TestCases" name="Signin" time="12.557"/>
  <testcase classname="Tests.TestCases" name="HomeToPLP" time="41.12"/>
  <testcase classname="Tests.TestCases" name="PDP" time="18.856"/>
  <testcase classname="Tests.TestCases" name="Cart" time="15.782"/>
  <testcase classname="Tests.TestCases" name="Checkout" time="29.058"/>
</testsuite> <!-- Default test -->
